<?xml version="1.0" encoding="UTF-8"?>
<!-- Generated by org.testng.reporters.JUnitXMLReporter -->
<testsuite ignored="0" hostname="DESKTOP-UB6TGO0" failures="0" tests="4" name="Default test" time="11.934" errors="0" timestamp="2023-04-19T18:05:32 PDT">
  <testcase classname="facebook.LoginTest_DataProvider" name="testLogin" time="1.514"/>
  <testcase classname="facebook.LoginTest_DataProvider" name="testLogin" time="1.605"/>
  <testcase classname="facebook.LoginTest_DataProvider" name="testLogin" time="1.667"/>
  <testcase classname="facebook.LoginTest_DataProvider" name="testLogin" time="1.567"/>
</testsuite> <!-- Default test -->
