<?xml version="1.0" encoding="UTF-8"?>
<!-- Generated by org.testng.reporters.JUnitXMLReporter -->
<testsuite ignored="0" hostname="DESKTOP-UB6TGO0" failures="0" tests="5" name="Grouping Test" time="0.034" errors="0" timestamp="2023-04-17T16:28:13 PDT">
  <testcase classname="com.thaoorg.thaoproj.GroupingTest" name="test1" time="0.002"/>
  <testcase classname="com.thaoorg.thaoproj.GroupingTest" name="test2" time="0.0"/>
  <testcase classname="com.thaoorg.thaoproj.GroupingTest" name="test3" time="0.0"/>
  <testcase classname="com.thaoorg.thaoproj.GroupingTest" name="test4" time="0.0"/>
  <testcase classname="com.thaoorg.thaoproj.GroupingTest" name="test5" time="0.0"/>
</testsuite> <!-- Grouping Test -->
