<?xml version="1.0" encoding="UTF-8"?>
<testng-results ignored="0" total="6" passed="6" failed="0" skipped="0">
  <reporter-output>
  </reporter-output>
  <suite started-at="2023-04-17T16:28:13 PDT" name="Regression Suite" finished-at="2023-04-17T16:28:13 PDT" duration-ms="34">
    <groups>
      <group name="suv">
        <method signature="GroupingTest.test1()[pri:0, instance:com.thaoorg.thaoproj.GroupingTest@4fb0f2b9]" name="test1" class="com.thaoorg.thaoproj.GroupingTest"/>
        <method signature="GroupingTest.test3()[pri:0, instance:com.thaoorg.thaoproj.GroupingTest@4fb0f2b9]" name="test3" class="com.thaoorg.thaoproj.GroupingTest"/>
      </group> <!-- suv -->
      <group name="car">
        <method signature="GroupingTest.test1()[pri:0, instance:com.thaoorg.thaoproj.GroupingTest@4fb0f2b9]" name="test1" class="com.thaoorg.thaoproj.GroupingTest"/>
        <method signature="GroupingTest.test2()[pri:0, instance:com.thaoorg.thaoproj.GroupingTest@4fb0f2b9]" name="test2" class="com.thaoorg.thaoproj.GroupingTest"/>
        <method signature="GroupingTest.test3()[pri:0, instance:com.thaoorg.thaoproj.GroupingTest@4fb0f2b9]" name="test3" class="com.thaoorg.thaoproj.GroupingTest"/>
      </group> <!-- car -->
      <group name="sedan">
        <method signature="GroupingTest.test2()[pri:0, instance:com.thaoorg.thaoproj.GroupingTest@4fb0f2b9]" name="test2" class="com.thaoorg.thaoproj.GroupingTest"/>
      </group> <!-- sedan -->
      <group name="bike">
        <method signature="GroupingTest.test4()[pri:0, instance:com.thaoorg.thaoproj.GroupingTest@4fb0f2b9]" name="test4" class="com.thaoorg.thaoproj.GroupingTest"/>
        <method signature="GroupingTest.test5()[pri:0, instance:com.thaoorg.thaoproj.GroupingTest@4fb0f2b9]" name="test5" class="com.thaoorg.thaoproj.GroupingTest"/>
      </group> <!-- bike -->
    </groups>
    <test started-at="2023-04-17T16:28:13 PDT" name="Grouping Test" finished-at="2023-04-17T16:28:13 PDT" duration-ms="34">
      <class name="com.thaoorg.thaoproj.GroupingTest">
        <test-method is-config="true" signature="beforeClass()[pri:0, instance:com.thaoorg.thaoproj.GroupingTest@4fb0f2b9]" started-at="2023-04-17T16:28:13 PDT" name="beforeClass" finished-at="2023-04-17T16:28:13 PDT" duration-ms="6" status="PASS">
          <reporter-output>
          </reporter-output>
        </test-method> <!-- beforeClass -->
        <test-method signature="test1()[pri:0, instance:com.thaoorg.thaoproj.GroupingTest@4fb0f2b9]" started-at="2023-04-17T16:28:13 PDT" name="test1" finished-at="2023-04-17T16:28:13 PDT" duration-ms="2" status="PASS">
          <reporter-output>
          </reporter-output>
        </test-method> <!-- test1 -->
        <test-method signature="test2()[pri:0, instance:com.thaoorg.thaoproj.GroupingTest@4fb0f2b9]" started-at="2023-04-17T16:28:13 PDT" name="test2" finished-at="2023-04-17T16:28:13 PDT" duration-ms="0" status="PASS">
          <reporter-output>
          </reporter-output>
        </test-method> <!-- test2 -->
        <test-method signature="test3()[pri:0, instance:com.thaoorg.thaoproj.GroupingTest@4fb0f2b9]" started-at="2023-04-17T16:28:13 PDT" name="test3" finished-at="2023-04-17T16:28:13 PDT" duration-ms="0" status="PASS">
          <reporter-output>
          </reporter-output>
        </test-method> <!-- test3 -->
        <test-method signature="test5()[pri:0, instance:com.thaoorg.thaoproj.GroupingTest@4fb0f2b9]" started-at="2023-04-17T16:28:13 PDT" name="test5" finished-at="2023-04-17T16:28:13 PDT" duration-ms="0" status="PASS">
          <reporter-output>
          </reporter-output>
        </test-method> <!-- test5 -->
        <test-method signature="test4()[pri:0, instance:com.thaoorg.thaoproj.GroupingTest@4fb0f2b9]" started-at="2023-04-17T16:28:13 PDT" name="test4" finished-at="2023-04-17T16:28:13 PDT" duration-ms="0" status="PASS">
          <reporter-output>
          </reporter-output>
        </test-method> <!-- test4 -->
        <test-method is-config="true" signature="afterClass()[pri:0, instance:com.thaoorg.thaoproj.GroupingTest@4fb0f2b9]" started-at="2023-04-17T16:28:13 PDT" name="afterClass" finished-at="2023-04-17T16:28:13 PDT" duration-ms="0" status="PASS">
          <reporter-output>
          </reporter-output>
        </test-method> <!-- afterClass -->
      </class> <!-- com.thaoorg.thaoproj.GroupingTest -->
    </test> <!-- Grouping Test -->
  </suite> <!-- Regression Suite -->
  <suite started-at="2023-04-17T16:28:13 PDT" name="Selenium Grid Testing" finished-at="2023-04-17T16:28:22 PDT" duration-ms="8145">
    <groups>
    </groups>
    <test started-at="2023-04-17T16:28:13 PDT" name="Test with Chrome" finished-at="2023-04-17T16:28:22 PDT" duration-ms="8145">
      <class name="facebook.LoginTest">
        <test-method is-config="true" signature="beforeClass()[pri:0, instance:facebook.LoginTest@3c19aaa5]" started-at="2023-04-17T16:28:13 PDT" name="beforeClass" finished-at="2023-04-17T16:28:16 PDT" duration-ms="2887" status="PASS">
          <reporter-output>
          </reporter-output>
        </test-method> <!-- beforeClass -->
        <test-method signature="TestLogin()[pri:0, instance:facebook.LoginTest@3c19aaa5]" started-at="2023-04-17T16:28:16 PDT" name="TestLogin" finished-at="2023-04-17T16:28:19 PDT" duration-ms="2536" status="PASS">
          <reporter-output>
          </reporter-output>
        </test-method> <!-- TestLogin -->
        <test-method is-config="true" signature="afterClass()[pri:0, instance:facebook.LoginTest@3c19aaa5]" started-at="2023-04-17T16:28:19 PDT" name="afterClass" finished-at="2023-04-17T16:28:22 PDT" duration-ms="2719" status="PASS">
          <reporter-output>
          </reporter-output>
        </test-method> <!-- afterClass -->
      </class> <!-- facebook.LoginTest -->
    </test> <!-- Test with Chrome -->
  </suite> <!-- Selenium Grid Testing -->
</testng-results>
