<?xml version="1.0" encoding="UTF-8"?>
<testsuite xmlns:xsi="http://www.w3.org/2001/XMLSchema-instance" xsi:noNamespaceSchemaLocation="https://maven.apache.org/surefire/maven-surefire-plugin/xsd/surefire-test-report-3.0.xsd" version="3.0" name="TestSuite" time="8.561" tests="6" errors="0" skipped="0" failures="0">
  <properties>
[...]
</properties>
  <testcase name="test1" classname="com.thaoorg.thaoproj.GroupingTest" time="0.001">
    <system-out><![CDATA[  GroupingTest-> before class
  GroupingTest-> BMW SUV
]]></system-out>
    <system-err><![CDATA[SLF4J: Failed to load class "org.slf4j.impl.StaticLoggerBinder".
SLF4J: Defaulting to no-operation (NOP) logger implementation
SLF4J: See http://www.slf4j.org/codes.html#StaticLoggerBinder for further details.
]]></system-err>
  </testcase>
  <testcase name="test2" classname="com.thaoorg.thaoproj.GroupingTest" time="0.002">
    <system-out><![CDATA[  GroupingTest-> Audi Sedan
]]></system-out>
  </testcase>
  <testcase name="test3" classname="com.thaoorg.thaoproj.GroupingTest" time="0">
    <system-out><![CDATA[  GroupingTest-> Prius SUV
]]></system-out>
  </testcase>
  <testcase name="test4" classname="com.thaoorg.thaoproj.GroupingTest" time="0">
    <system-out><![CDATA[  GroupingTest-> Honda SH
]]></system-out>
  </testcase>
  <testcase name="test5" classname="com.thaoorg.thaoproj.GroupingTest" time="0">
    <system-out><![CDATA[  GroupingTest-> Honda CBR
]]></system-out>
  </testcase>
  <testcase name="TestLogin" classname="facebook.LoginTest" time="2.538">
    <system-out><![CDATA[  GroupingTest-> after class
Before class start...
Before class inprogress...
Before class end...
Before Test ...
Login failed:  The password you’ve entered is incorrect. Forgot Password?
]]></system-out>
    <system-err><![CDATA[1681774094406	geckodriver	INFO	Listening on 127.0.0.1:4511
1681774094615	mozrunner::runner	INFO	Running command: "C:\\Program Files\\Mozilla Firefox\\firefox.exe" "--marionette" "--remote-debugging-port" "8903" "--remote- ... //localhost:8903/,http://[::1]:8903/" "-no-remote" "-profile" "C:\\Users\\ryshi\\AppData\\Local\\Temp\\rust_mozprofilelV6Xpv"
console.warn: services.settings: Ignoring preference override of remote settings server
console.warn: services.settings: Allow by setting MOZ_REMOTE_SETTINGS_DEVTOOLS=1 in the environment
1681774094932	Marionette	INFO	Marionette enabled
Dynamically enable window occlusion 0
1681774094937	Marionette	INFO	Listening on port 63466
Read port: 63466
WebDriver BiDi listening on ws://127.0.0.1:8903
1681774095082	RemoteAgent	WARN	TLS certificate errors will be ignored for this session
console.warn: SearchSettings: "get: No settings file exists, new profile?" (new NotFoundError("Could not open the file at C:\\Users\\ryshi\\AppData\\Local\\Temp\\rust_mozprofilelV6Xpv\\search.json.mozlz4", (void 0)))
[ERROR glean_core] Error setting metrics feature config: Json(Error("EOF while parsing a value", line: 1, column: 0))
DevTools listening on ws://127.0.0.1:8903/devtools/browser/cc2a2fd7-c346-492d-a230-b59f4b7f340b
JavaScript warning: https://static.xx.fbcdn.net/rsrc.php/v3iqES4/yD/l/en_US/KYXJIAVpZRj.js?_nc_x=Ij3Wp8lg5Kz, line 20: WEBGL_debug_renderer_info is deprecated in Firefox and will be removed. Please use RENDERER.
console.warn: LoginRecipes: "Falling back to a synchronous message for: https://www.facebook.com."
console.warn: LoginRecipes: "Falling back to a synchronous message for: https://www.facebook.com."
JavaScript warning: https://static.xx.fbcdn.net/rsrc.php/v3iqES4/yD/l/en_US/KYXJIAVpZRj.js?_nc_x=Ij3Wp8lg5Kz, line 20: WEBGL_debug_renderer_info is deprecated in Firefox and will be removed. Please use RENDERER.
]]></system-err>
  </testcase>
</testsuite>