<?xml version="1.0" encoding="UTF-8"?>
<testng-results ignored="0" total="0" passed="0" failed="0" skipped="0">
  <reporter-output>
  </reporter-output>
  <suite started-at="2023-04-16T18:34:21 PDT" name="Cucumber integrated Testing" finished-at="2023-04-16T18:34:21 PDT" duration-ms="10">
    <groups>
    </groups>
    <test started-at="2023-04-16T18:34:21 PDT" name="Test with Cucumber testNG" finished-at="2023-04-16T18:34:21 PDT" duration-ms="10">
    </test> <!-- Test with Cucumber testNG -->
  </suite> <!-- Cucumber integrated Testing -->
</testng-results>
