<?xml version="1.0" encoding="UTF-8"?>
<testng-results ignored="0" total="1" passed="1" failed="0" skipped="0">
  <reporter-output>
  </reporter-output>
  <suite started-at="2023-04-21T11:38:52 PDT" name="Default suite" finished-at="2023-04-21T11:38:52 PDT" duration-ms="40">
    <groups>
    </groups>
    <test started-at="2023-04-21T11:38:52 PDT" name="Default test" finished-at="2023-04-21T11:38:52 PDT" duration-ms="40">
      <class name="log4jdemo2.LoggingFileDemo">
        <test-method is-config="true" signature="beforeClass()[pri:0, instance:log4jdemo2.LoggingFileDemo@6a03bcb1]" started-at="2023-04-21T11:38:52 PDT" name="beforeClass" finished-at="2023-04-21T11:38:52 PDT" duration-ms="7" status="PASS">
          <reporter-output>
          </reporter-output>
        </test-method> <!-- beforeClass -->
        <test-method signature="TestLogging()[pri:0, instance:log4jdemo2.LoggingFileDemo@6a03bcb1]" started-at="2023-04-21T11:38:52 PDT" name="TestLogging" finished-at="2023-04-21T11:38:52 PDT" duration-ms="7" status="PASS">
          <reporter-output>
          </reporter-output>
        </test-method> <!-- TestLogging -->
        <test-method is-config="true" signature="afterClass()[pri:0, instance:log4jdemo2.LoggingFileDemo@6a03bcb1]" started-at="2023-04-21T11:38:52 PDT" name="afterClass" finished-at="2023-04-21T11:38:52 PDT" duration-ms="0" status="PASS">
          <reporter-output>
          </reporter-output>
        </test-method> <!-- afterClass -->
      </class> <!-- log4jdemo2.LoggingFileDemo -->
    </test> <!-- Default test -->
  </suite> <!-- Default suite -->
</testng-results>
